<?xml version="1.0" encoding="UTF-8"?>
<!-- Generated by org.testng.reporters.JUnitReportReporter -->
<testsuite hostname="GauravAhuja" failures="0" tests="1" name="FirstPackage.NewClass" time="19.338" errors="0" timestamp="2023-06-27T08:45:53 IST" skipped="0">
  <testcase classname="FirstPackage.NewClass" name="Testrunn" time="19.338"/>
  <system-out/>
</testsuite> <!-- FirstPackage.NewClass -->
